Using pre-set license
Built from '2021.2/staging' branch; Version is '2021.2.14f1 (bcb93e5482d2) revision 12368190'; Using compiler version '192829333'; Build Type 'Release'
OS: 'Windows 10  (10.0.19044) 64bit Professional' Language: 'ko' Physical Memory: 32585 MB
BatchMode: 1, IsHumanControllingUs: 0, StartBugReporterOnCrash: 0, Is64bit: 1, IsPro: 1

COMMAND LINE ARGUMENTS:
D:\Unity\Hub\Editor\2021.2.14f1\Editor\Unity.exe
-adb2
-batchMode
-noUpm
-name
AssetImportWorker0
-projectPath
D:/Unity/work/FarmingGame
-logFile
Logs/AssetImportWorker0.log
-srvPort
20409
Successfully changed project path to: D:/Unity/work/FarmingGame
D:/Unity/work/FarmingGame
[UnityMemory] Configuration Parameters - Can be set up in boot.config
    "memorysetup-bucket-allocator-granularity=16"
    "memorysetup-bucket-allocator-bucket-count=8"
    "memorysetup-bucket-allocator-block-size=33554432"
    "memorysetup-bucket-allocator-block-count=8"
    "memorysetup-main-allocator-block-size=16777216"
    "memorysetup-thread-allocator-block-size=16777216"
    "memorysetup-gfx-main-allocator-block-size=16777216"
    "memorysetup-gfx-thread-allocator-block-size=16777216"
    "memorysetup-cache-allocator-block-size=4194304"
    "memorysetup-typetree-allocator-block-size=2097152"
    "memorysetup-profiler-bucket-allocator-granularity=16"
    "memorysetup-profiler-bucket-allocator-bucket-count=8"
    "memorysetup-profiler-bucket-allocator-block-size=33554432"
    "memorysetup-profiler-bucket-allocator-block-count=8"
    "memorysetup-profiler-allocator-block-size=16777216"
    "memorysetup-profiler-editor-allocator-block-size=1048576"
    "memorysetup-temp-allocator-size-main=16777216"
    "memorysetup-job-temp-allocator-block-size=2097152"
    "memorysetup-job-temp-allocator-block-size-background=1048576"
    "memorysetup-job-temp-allocator-reduction-small-platforms=262144"
    "memorysetup-temp-allocator-size-background-worker=32768"
    "memorysetup-temp-allocator-size-job-worker=262144"
    "memorysetup-temp-allocator-size-preload-manager=33554432"
    "memorysetup-temp-allocator-size-nav-mesh-worker=65536"
    "memorysetup-temp-allocator-size-audio-worker=65536"
    "memorysetup-temp-allocator-size-cloud-worker=32768"
    "memorysetup-temp-allocator-size-gi-baking-worker=262144"
    "memorysetup-temp-allocator-size-gfx=262144"
Refreshing native plugins compatible for Editor in 87.72 ms, found 4 plugins.
Preloading 0 native plugins for Editor in 0.00 ms.
Initialize engine version: 2021.2.14f1 (bcb93e5482d2)
[Subsystems] Discovering subsystems at path D:/Unity/Hub/Editor/2021.2.14f1/Editor/Data/Resources/UnitySubsystems
[Subsystems] Discovering subsystems at path D:/Unity/work/FarmingGame/Assets
GfxDevice: creating device client; threaded=0; jobified=0
Direct3D:
    Version:  Direct3D 11.0 [level 11.1]
    Renderer: NVIDIA GeForce RTX 2070 Super (ID=0x1e91)
    Vendor:   NVIDIA
    VRAM:     8012 MB
    Driver:   30.0.15.1215
Initialize mono
Mono path[0] = 'D:/Unity/Hub/Editor/2021.2.14f1/Editor/Data/Managed'
Mono path[1] = 'D:/Unity/Hub/Editor/2021.2.14f1/Editor/Data/MonoBleedingEdge/lib/mono/unityjit-win32'
Mono config path = 'D:/Unity/Hub/Editor/2021.2.14f1/Editor/Data/MonoBleedingEdge/etc'
Using monoOptions --debugger-agent=transport=dt_socket,embedding=1,server=y,suspend=n,address=127.0.0.1:56264
Begin MonoManager ReloadAssembly
Registering precompiled unity dll's ...
Register platform support module: D:/Unity/Hub/Editor/2021.2.14f1/Editor/Data/PlaybackEngines/WebGLSupport/UnityEditor.WebGL.Extensions.dll
Register platform support module: D:/Unity/Hub/Editor/2021.2.14f1/Editor/Data/PlaybackEngines/AndroidPlayer/UnityEditor.Android.Extensions.dll
Register platform support module: D:/Unity/Hub/Editor/2021.2.14f1/Editor/Data/PlaybackEngines/WindowsStandaloneSupport/UnityEditor.WindowsStandalone.Extensions.dll
Registered in 0.003710 seconds.
Native extension for WindowsStandalone target not found
Native extension for Android target not found
Native extension for WebGL target not found
Refreshing native plugins compatible for Editor in 91.49 ms, found 4 plugins.
Preloading 0 native plugins for Editor in 0.00 ms.
Mono: successfully reloaded assembly
- Completed reload, in  0.671 seconds
Domain Reload Profiling:
	ReloadAssembly (672ms)
		BeginReloadAssembly (67ms)
			ExecutionOrderSort (0ms)
			DisableScriptedObjects (0ms)
			BackupInstance (0ms)
			ReleaseScriptingObjects (0ms)
			CreateAndSetChildDomain (1ms)
		EndReloadAssembly (494ms)
			LoadAssemblies (67ms)
			RebuildTransferFunctionScriptingTraits (0ms)
			SetupTypeCache (117ms)
			ReleaseScriptCaches (0ms)
			RebuildScriptCaches (28ms)
			SetupLoadedEditorAssemblies (301ms)
				LogAssemblyErrors (0ms)
				InitializePlatformSupportModulesInManaged (53ms)
				SetLoadedEditorAssemblies (0ms)
				RefreshPlugins (92ms)
				BeforeProcessingInitializeOnLoad (1ms)
				ProcessInitializeOnLoadAttributes (108ms)
				ProcessInitializeOnLoadMethodAttributes (46ms)
				AfterProcessingInitializeOnLoad (0ms)
				EditorAssembliesLoaded (0ms)
			ExecutionOrderSort2 (0ms)
			AwakeInstancesAfterBackupRestoration (0ms)
Platform modules already initialized, skipping
Registering precompiled user dll's ...
Registered in 0.005593 seconds.
Begin MonoManager ReloadAssembly
Symbol file LoadedFromMemory doesn't match image D:\Unity\work\FarmingGame\Library\PackageCache\com.unity.visualscripting@1.7.6\Editor\VisualScripting.Core\Dependencies\YamlDotNet\Unity.VisualScripting.YamlDotNet.dll
Symbol file LoadedFromMemory doesn't match image D:\Unity\work\FarmingGame\Library\PackageCache\com.unity.visualscripting@1.7.6\Editor\VisualScripting.Core\Dependencies\DotNetZip\Unity.VisualScripting.IonicZip.dll
Native extension for WindowsStandalone target not found
Native extension for Android target not found
Native extension for WebGL target not found
Refreshing native plugins compatible for Editor in 83.54 ms, found 4 plugins.
Preloading 0 native plugins for Editor in 0.00 ms.
Mono: successfully reloaded assembly
- Completed reload, in  1.610 seconds
Domain Reload Profiling:
	ReloadAssembly (1610ms)
		BeginReloadAssembly (202ms)
			ExecutionOrderSort (0ms)
			DisableScriptedObjects (5ms)
			BackupInstance (0ms)
			ReleaseScriptingObjects (0ms)
			CreateAndSetChildDomain (119ms)
		EndReloadAssembly (1296ms)
			LoadAssemblies (74ms)
			RebuildTransferFunctionScriptingTraits (0ms)
			SetupTypeCache (251ms)
			ReleaseScriptCaches (1ms)
			RebuildScriptCaches (56ms)
			SetupLoadedEditorAssemblies (869ms)
				LogAssemblyErrors (0ms)
				InitializePlatformSupportModulesInManaged (12ms)
				SetLoadedEditorAssemblies (0ms)
				RefreshPlugins (84ms)
				BeforeProcessingInitializeOnLoad (80ms)
				ProcessInitializeOnLoadAttributes (653ms)
				ProcessInitializeOnLoadMethodAttributes (38ms)
				AfterProcessingInitializeOnLoad (2ms)
				EditorAssembliesLoaded (0ms)
			ExecutionOrderSort2 (0ms)
			AwakeInstancesAfterBackupRestoration (10ms)
Platform modules already initialized, skipping
========================================================================
Worker process is ready to serve import requests
Launched and connected shader compiler UnityShaderCompiler.exe after 0.07 seconds
Refreshing native plugins compatible for Editor in 0.90 ms, found 4 plugins.
Preloading 0 native plugins for Editor in 0.00 ms.
Unloading 3906 Unused Serialized files (Serialized files now loaded: 0)
Unloading 40 unused Assets / (226.0 KB). Loaded Objects now: 4360.
Memory consumption went from 151.2 MB to 150.9 MB.
Total: 3.439200 ms (FindLiveObjects: 0.327200 ms CreateObjectMapping: 0.284300 ms MarkObjects: 2.681400 ms  DeleteObjects: 0.144900 ms)

AssetImportParameters requested are different than current active one (requested -> active):
  custom:video-decoder-ogg-theora: a1e56fd34408186e4bbccfd4996cb3dc -> 
  custom:container-muxer-webm: aa71ff27fc2769a1b78a27578f13a17b -> 
  custom:container-demuxer-webm: 4f35f7cbe854078d1ac9338744f61a02 -> 
  custom:video-encoder-webm-vp8: eb34c28f22e8b96e1ab97ce403110664 -> 
  custom:audio-encoder-webm-vorbis: bf7c407c2cedff20999df2af8eb42d56 -> 
  custom:framework-win-MediaFoundation: 216162199b28c13a410421893ffa2e32 -> 
  custom:container-demuxer-ogg: 62fdf1f143b41e24485cea50d1cbac27 -> 
  custom:video-decoder-webm-vp8: 9c59270c3fd7afecdb556c50c9e8de78 -> 
  custom:audio-decoder-ogg-vorbis: bf7c407c2cedff20999df2af8eb42d56 -> 
========================================================================
Received Import Request.
  Time since last request: 793002.116648 seconds.
  path: Assets/Scenes/SampleScene.unity
  artifactKey: Guid(2cda990e2423bbf4892e6590ba056729) Importer(815301076,1909f56bfc062723c751e8b465ee728b)
Start importing Assets/Scenes/SampleScene.unity using Guid(2cda990e2423bbf4892e6590ba056729) Importer(815301076,1909f56bfc062723c751e8b465ee728b)  -> (artifact id: 'e24c38ded777c6eac716cf6ee885caa1') in 0.009781 seconds 
========================================================================
Received Import Request.
  Time since last request: 8.321471 seconds.
  path: Assets/Scenes/TitleScreen.unity
  artifactKey: Guid(292c5626810204b4fb9c8b7bf7918f24) Importer(815301076,1909f56bfc062723c751e8b465ee728b)
Start importing Assets/Scenes/TitleScreen.unity using Guid(292c5626810204b4fb9c8b7bf7918f24) Importer(815301076,1909f56bfc062723c751e8b465ee728b)  -> (artifact id: 'dc986e28bca9d1b3c0cf5a67e652e254') in 0.005878 seconds 
========================================================================
Received Import Request.
  Time since last request: 345.692632 seconds.
  path: Assets
  artifactKey: Guid(00000000000000001000000000000000) Importer(815301076,1909f56bfc062723c751e8b465ee728b)
Start importing Assets using Guid(00000000000000001000000000000000) Importer(815301076,1909f56bfc062723c751e8b465ee728b)  -> (artifact id: '79842766b460edbeab6a34051e857a80') in 0.008077 seconds 
========================================================================
Received Import Request.
  Time since last request: 4.390758 seconds.
  path: Assets/Scripts
  artifactKey: Guid(68afe61584993f24c87646bba5ba2e0c) Importer(815301076,1909f56bfc062723c751e8b465ee728b)
Start importing Assets/Scripts using Guid(68afe61584993f24c87646bba5ba2e0c) Importer(815301076,1909f56bfc062723c751e8b465ee728b)  -> (artifact id: '6754c6589223f6f8834513a3b50bfb19') in 0.006262 seconds 
========================================================================
Received Import Request.
  Time since last request: 9.070180 seconds.
  path: Assets/Scripts/CameraRect.cs
  artifactKey: Guid(16e515af5f71d8048bd8159f24979586) Importer(815301076,1909f56bfc062723c751e8b465ee728b)
Start importing Assets/Scripts/CameraRect.cs using Guid(16e515af5f71d8048bd8159f24979586) Importer(815301076,1909f56bfc062723c751e8b465ee728b)  -> (artifact id: '7b08f859c1e03c9172c96ddaf21e4eb0') in 0.041865 seconds 
========================================================================
Received Import Request.
  Time since last request: 9.513979 seconds.
  path: Assets/Scripts/Camera
  artifactKey: Guid(84ce8baa4bcb6a54caa9a8918eaebdf8) Importer(815301076,1909f56bfc062723c751e8b465ee728b)
Start importing Assets/Scripts/Camera using Guid(84ce8baa4bcb6a54caa9a8918eaebdf8) Importer(815301076,1909f56bfc062723c751e8b465ee728b)  -> (artifact id: '8e0e16cb7afd8147b74142aa826522ad') in 0.005142 seconds 
========================================================================
Received Prepare
Registering precompiled user dll's ...
Registered in 0.004322 seconds.
Begin MonoManager ReloadAssembly
Symbol file LoadedFromMemory doesn't match image D:\Unity\work\FarmingGame\Library\PackageCache\com.unity.visualscripting@1.7.6\Editor\VisualScripting.Core\Dependencies\YamlDotNet\Unity.VisualScripting.YamlDotNet.dll
Symbol file LoadedFromMemory doesn't match image D:\Unity\work\FarmingGame\Library\PackageCache\com.unity.visualscripting@1.7.6\Editor\VisualScripting.Core\Dependencies\DotNetZip\Unity.VisualScripting.IonicZip.dll
Native extension for WindowsStandalone target not found
Native extension for Android target not found
Native extension for WebGL target not found
Refreshing native plugins compatible for Editor in 0.68 ms, found 4 plugins.
Preloading 0 native plugins for Editor in 0.00 ms.
Mono: successfully reloaded assembly
- Completed reload, in  0.988 seconds
Domain Reload Profiling:
	ReloadAssembly (988ms)
		BeginReloadAssembly (131ms)
			ExecutionOrderSort (0ms)
			DisableScriptedObjects (7ms)
			BackupInstance (0ms)
			ReleaseScriptingObjects (0ms)
			CreateAndSetChildDomain (37ms)
		EndReloadAssembly (774ms)
			LoadAssemblies (81ms)
			RebuildTransferFunctionScriptingTraits (0ms)
			SetupTypeCache (216ms)
			ReleaseScriptCaches (2ms)
			RebuildScriptCaches (46ms)
			SetupLoadedEditorAssemblies (389ms)
				LogAssemblyErrors (0ms)
				InitializePlatformSupportModulesInManaged (21ms)
				SetLoadedEditorAssemblies (0ms)
				RefreshPlugins (1ms)
				BeforeProcessingInitializeOnLoad (60ms)
				ProcessInitializeOnLoadAttributes (275ms)
				ProcessInitializeOnLoadMethodAttributes (29ms)
				AfterProcessingInitializeOnLoad (3ms)
				EditorAssembliesLoaded (0ms)
			ExecutionOrderSort2 (0ms)
			AwakeInstancesAfterBackupRestoration (13ms)
Platform modules already initialized, skipping
Refreshing native plugins compatible for Editor in 1.67 ms, found 4 plugins.
Preloading 0 native plugins for Editor in 0.00 ms.
Unloading 3902 Unused Serialized files (Serialized files now loaded: 0)
Unloading 27 unused Assets / (192.8 KB). Loaded Objects now: 4363.
Memory consumption went from 151.2 MB to 151.0 MB.
Total: 3.414400 ms (FindLiveObjects: 0.266700 ms CreateObjectMapping: 0.189700 ms MarkObjects: 2.838200 ms  DeleteObjects: 0.119100 ms)

AssetImportParameters requested are different than current active one (requested -> active):
  custom:video-decoder-ogg-theora: a1e56fd34408186e4bbccfd4996cb3dc -> 
  custom:container-muxer-webm: aa71ff27fc2769a1b78a27578f13a17b -> 
  custom:container-demuxer-webm: 4f35f7cbe854078d1ac9338744f61a02 -> 
  custom:video-encoder-webm-vp8: eb34c28f22e8b96e1ab97ce403110664 -> 
  custom:audio-encoder-webm-vorbis: bf7c407c2cedff20999df2af8eb42d56 -> 
  custom:framework-win-MediaFoundation: 216162199b28c13a410421893ffa2e32 -> 
  custom:container-demuxer-ogg: 62fdf1f143b41e24485cea50d1cbac27 -> 
  custom:video-decoder-webm-vp8: 9c59270c3fd7afecdb556c50c9e8de78 -> 
  custom:audio-decoder-ogg-vorbis: bf7c407c2cedff20999df2af8eb42d56 -> 
========================================================================
Received Import Request.
  Time since last request: 14.957283 seconds.
  path: Assets/Scripts/Camera/Resolution
  artifactKey: Guid(77418a1b8b7f59245b910a0f32c9f4b6) Importer(815301076,1909f56bfc062723c751e8b465ee728b)
Start importing Assets/Scripts/Camera/Resolution using Guid(77418a1b8b7f59245b910a0f32c9f4b6) Importer(815301076,1909f56bfc062723c751e8b465ee728b)  -> (artifact id: '8c84fd052f38da9d2f189ae9dcd96196') in 0.009366 seconds 
========================================================================
Received Import Request.
  Time since last request: 113.810476 seconds.
  path: Assets/Scripts/Camera/Resolution/CameraRect.cs
  artifactKey: Guid(16e515af5f71d8048bd8159f24979586) Importer(815301076,1909f56bfc062723c751e8b465ee728b)
Start importing Assets/Scripts/Camera/Resolution/CameraRect.cs using Guid(16e515af5f71d8048bd8159f24979586) Importer(815301076,1909f56bfc062723c751e8b465ee728b)  -> (artifact id: '302dde66f7567cfcf792e38e561484f5') in 0.005665 seconds 
========================================================================
Received Import Request.
  Time since last request: 16.270923 seconds.
  path: Assets/Scripts/Camera/Resolution/CameraRect.cs
  artifactKey: Guid(16e515af5f71d8048bd8159f24979586) Importer(815301076,1909f56bfc062723c751e8b465ee728b)
Start importing Assets/Scripts/Camera/Resolution/CameraRect.cs using Guid(16e515af5f71d8048bd8159f24979586) Importer(815301076,1909f56bfc062723c751e8b465ee728b)  -> (artifact id: 'c13d429bd4f362b16a840ffa1e704f44') in 0.004576 seconds 
========================================================================
Received Import Request.
  Time since last request: 8.170483 seconds.
  path: Assets/Scripts/Camera/Resolution/CameraRect.cs
  artifactKey: Guid(16e515af5f71d8048bd8159f24979586) Importer(815301076,1909f56bfc062723c751e8b465ee728b)
Start importing Assets/Scripts/Camera/Resolution/CameraRect.cs using Guid(16e515af5f71d8048bd8159f24979586) Importer(815301076,1909f56bfc062723c751e8b465ee728b)  -> (artifact id: '0dd50df06122f6c6b2458f553abd776d') in 0.004275 seconds 
========================================================================
Received Import Request.
  Time since last request: 56.287396 seconds.
  path: Assets/Scripts/Camera/Resolution/CameraRect.cs
  artifactKey: Guid(16e515af5f71d8048bd8159f24979586) Importer(815301076,1909f56bfc062723c751e8b465ee728b)
Start importing Assets/Scripts/Camera/Resolution/CameraRect.cs using Guid(16e515af5f71d8048bd8159f24979586) Importer(815301076,1909f56bfc062723c751e8b465ee728b)  -> (artifact id: '15608c53324fe658d50cfba025951586') in 0.004230 seconds 
========================================================================
Received Import Request.
  Time since last request: 32.539521 seconds.
  path: Assets/Scripts/Camera/Resolution/CameraRect.cs
  artifactKey: Guid(16e515af5f71d8048bd8159f24979586) Importer(815301076,1909f56bfc062723c751e8b465ee728b)
Start importing Assets/Scripts/Camera/Resolution/CameraRect.cs using Guid(16e515af5f71d8048bd8159f24979586) Importer(815301076,1909f56bfc062723c751e8b465ee728b)  -> (artifact id: '12d658963f2971e37e2c241aa6e38443') in 0.004354 seconds 
========================================================================
Received Import Request.
  Time since last request: 5.549554 seconds.
  path: Assets/Scripts/Camera/Resolution/CameraRect.cs
  artifactKey: Guid(16e515af5f71d8048bd8159f24979586) Importer(815301076,1909f56bfc062723c751e8b465ee728b)
Start importing Assets/Scripts/Camera/Resolution/CameraRect.cs using Guid(16e515af5f71d8048bd8159f24979586) Importer(815301076,1909f56bfc062723c751e8b465ee728b)  -> (artifact id: 'dbceb706d8afddcc1bf7b00caa026b1a') in 0.004152 seconds 
========================================================================
Received Import Request.
  Time since last request: 4.340406 seconds.
  path: Assets/Scripts/Camera/Resolution/CameraRect.cs
  artifactKey: Guid(16e515af5f71d8048bd8159f24979586) Importer(815301076,1909f56bfc062723c751e8b465ee728b)
Start importing Assets/Scripts/Camera/Resolution/CameraRect.cs using Guid(16e515af5f71d8048bd8159f24979586) Importer(815301076,1909f56bfc062723c751e8b465ee728b)  -> (artifact id: 'c43a709b5d327e3a510f187d6f54f312') in 0.004189 seconds 
========================================================================
Received Import Request.
  Time since last request: 6.984517 seconds.
  path: Assets/Scripts/Camera/Resolution/CameraRect.cs
  artifactKey: Guid(16e515af5f71d8048bd8159f24979586) Importer(815301076,1909f56bfc062723c751e8b465ee728b)
Start importing Assets/Scripts/Camera/Resolution/CameraRect.cs using Guid(16e515af5f71d8048bd8159f24979586) Importer(815301076,1909f56bfc062723c751e8b465ee728b)  -> (artifact id: '8ce8724a50957844ba3a2adef6647aae') in 0.004075 seconds 
========================================================================
Received Import Request.
  Time since last request: 27.854574 seconds.
  path: Assets/Scripts/Camera/Resolution/CameraRect.cs
  artifactKey: Guid(16e515af5f71d8048bd8159f24979586) Importer(815301076,1909f56bfc062723c751e8b465ee728b)
Start importing Assets/Scripts/Camera/Resolution/CameraRect.cs using Guid(16e515af5f71d8048bd8159f24979586) Importer(815301076,1909f56bfc062723c751e8b465ee728b)  -> (artifact id: 'f8a85f5a7cb8cb072c82c90bc9ca882f') in 0.004122 seconds 
========================================================================
Received Import Request.
  Time since last request: 10.984650 seconds.
  path: Assets/Scripts/Camera/Resolution/CameraRect.cs
  artifactKey: Guid(16e515af5f71d8048bd8159f24979586) Importer(815301076,1909f56bfc062723c751e8b465ee728b)
Start importing Assets/Scripts/Camera/Resolution/CameraRect.cs using Guid(16e515af5f71d8048bd8159f24979586) Importer(815301076,1909f56bfc062723c751e8b465ee728b)  -> (artifact id: 'dbb576715627acfa62accace8153199c') in 0.003869 seconds 
========================================================================
Received Import Request.
  Time since last request: 1.456501 seconds.
  path: Assets/Scripts/Camera/Resolution/CameraRect.cs
  artifactKey: Guid(16e515af5f71d8048bd8159f24979586) Importer(815301076,1909f56bfc062723c751e8b465ee728b)
Start importing Assets/Scripts/Camera/Resolution/CameraRect.cs using Guid(16e515af5f71d8048bd8159f24979586) Importer(815301076,1909f56bfc062723c751e8b465ee728b)  -> (artifact id: '406810f8ed4b9180f5205363ccd22453') in 0.003096 seconds 
========================================================================
Received Import Request.
  Time since last request: 19.349988 seconds.
  path: Assets/Scripts/Camera/Resolution/CameraRect.cs
  artifactKey: Guid(16e515af5f71d8048bd8159f24979586) Importer(815301076,1909f56bfc062723c751e8b465ee728b)
Start importing Assets/Scripts/Camera/Resolution/CameraRect.cs using Guid(16e515af5f71d8048bd8159f24979586) Importer(815301076,1909f56bfc062723c751e8b465ee728b)  -> (artifact id: '79f42844b91800c19ef060cf275d4a66') in 0.004249 seconds 
========================================================================
Received Import Request.
  Time since last request: 22.327673 seconds.
  path: Assets/Scripts/Camera/Resolution/CameraRect.cs
  artifactKey: Guid(16e515af5f71d8048bd8159f24979586) Importer(815301076,1909f56bfc062723c751e8b465ee728b)
Start importing Assets/Scripts/Camera/Resolution/CameraRect.cs using Guid(16e515af5f71d8048bd8159f24979586) Importer(815301076,1909f56bfc062723c751e8b465ee728b)  -> (artifact id: '02b0b5579963268dbc5ea270ffc86c45') in 0.004292 seconds 
========================================================================
Received Import Request.
  Time since last request: 3.069803 seconds.
  path: Assets/Scripts/Camera/Resolution/CameraRect.cs
  artifactKey: Guid(16e515af5f71d8048bd8159f24979586) Importer(815301076,1909f56bfc062723c751e8b465ee728b)
Start importing Assets/Scripts/Camera/Resolution/CameraRect.cs using Guid(16e515af5f71d8048bd8159f24979586) Importer(815301076,1909f56bfc062723c751e8b465ee728b)  -> (artifact id: '5f69a6ca5d5e49dec2d0faa4f9ed6703') in 0.004219 seconds 
========================================================================
Received Import Request.
  Time since last request: 15.739323 seconds.
  path: Assets/Scripts/Camera/Resolution/CameraRect.cs
  artifactKey: Guid(16e515af5f71d8048bd8159f24979586) Importer(815301076,1909f56bfc062723c751e8b465ee728b)
Start importing Assets/Scripts/Camera/Resolution/CameraRect.cs using Guid(16e515af5f71d8048bd8159f24979586) Importer(815301076,1909f56bfc062723c751e8b465ee728b)  -> (artifact id: '3a1a1d2fb666fbaf0fed58d9fd598237') in 0.004674 seconds 
========================================================================
Received Import Request.
  Time since last request: 20.609016 seconds.
  path: Assets/Scripts/Camera/Resolution/CameraRect.cs
  artifactKey: Guid(16e515af5f71d8048bd8159f24979586) Importer(815301076,1909f56bfc062723c751e8b465ee728b)
Start importing Assets/Scripts/Camera/Resolution/CameraRect.cs using Guid(16e515af5f71d8048bd8159f24979586) Importer(815301076,1909f56bfc062723c751e8b465ee728b)  -> (artifact id: '61daf6215382ef8177ded6900c84af77') in 0.004051 seconds 
========================================================================
Received Import Request.
  Time since last request: 12.054003 seconds.
  path: Assets/Scripts/Camera/Resolution/CameraRect.cs
  artifactKey: Guid(16e515af5f71d8048bd8159f24979586) Importer(815301076,1909f56bfc062723c751e8b465ee728b)
Start importing Assets/Scripts/Camera/Resolution/CameraRect.cs using Guid(16e515af5f71d8048bd8159f24979586) Importer(815301076,1909f56bfc062723c751e8b465ee728b)  -> (artifact id: '887a8960278a26acccd6642b27527bff') in 0.004175 seconds 
========================================================================
Received Import Request.
  Time since last request: 96.122018 seconds.
  path: Assets/Scripts/Camera/Resolution/CameraRect.cs
  artifactKey: Guid(16e515af5f71d8048bd8159f24979586) Importer(815301076,1909f56bfc062723c751e8b465ee728b)
Start importing Assets/Scripts/Camera/Resolution/CameraRect.cs using Guid(16e515af5f71d8048bd8159f24979586) Importer(815301076,1909f56bfc062723c751e8b465ee728b)  -> (artifact id: '04ad4a2236a4c0caa4c9cb451c858f66') in 0.004362 seconds 
========================================================================
Received Prepare
Registering precompiled user dll's ...
Registered in 0.004105 seconds.
Begin MonoManager ReloadAssembly
Symbol file LoadedFromMemory doesn't match image D:\Unity\work\FarmingGame\Library\PackageCache\com.unity.visualscripting@1.7.6\Editor\VisualScripting.Core\Dependencies\YamlDotNet\Unity.VisualScripting.YamlDotNet.dll
Symbol file LoadedFromMemory doesn't match image D:\Unity\work\FarmingGame\Library\PackageCache\com.unity.visualscripting@1.7.6\Editor\VisualScripting.Core\Dependencies\DotNetZip\Unity.VisualScripting.IonicZip.dll
Native extension for WindowsStandalone target not found
Native extension for Android target not found
Native extension for WebGL target not found
Refreshing native plugins compatible for Editor in 0.95 ms, found 4 plugins.
Preloading 0 native plugins for Editor in 0.00 ms.
Mono: successfully reloaded assembly
- Completed reload, in  1.096 seconds
Domain Reload Profiling:
	ReloadAssembly (1096ms)
		BeginReloadAssembly (128ms)
			ExecutionOrderSort (0ms)
			DisableScriptedObjects (7ms)
			BackupInstance (0ms)
			ReleaseScriptingObjects (0ms)
			CreateAndSetChildDomain (36ms)
		EndReloadAssembly (880ms)
			LoadAssemblies (82ms)
			RebuildTransferFunctionScriptingTraits (0ms)
			SetupTypeCache (271ms)
			ReleaseScriptCaches (2ms)
			RebuildScriptCaches (49ms)
			SetupLoadedEditorAssemblies (430ms)
				LogAssemblyErrors (0ms)
				InitializePlatformSupportModulesInManaged (23ms)
				SetLoadedEditorAssemblies (0ms)
				RefreshPlugins (1ms)
				BeforeProcessingInitializeOnLoad (66ms)
				ProcessInitializeOnLoadAttributes (304ms)
				ProcessInitializeOnLoadMethodAttributes (32ms)
				AfterProcessingInitializeOnLoad (3ms)
				EditorAssembliesLoaded (0ms)
			ExecutionOrderSort2 (0ms)
			AwakeInstancesAfterBackupRestoration (12ms)
Platform modules already initialized, skipping
Refreshing native plugins compatible for Editor in 1.67 ms, found 4 plugins.
Preloading 0 native plugins for Editor in 0.00 ms.
Unloading 3902 Unused Serialized files (Serialized files now loaded: 0)
Unloading 27 unused Assets / (192.9 KB). Loaded Objects now: 4365.
Memory consumption went from 151.2 MB to 151.0 MB.
Total: 2.887800 ms (FindLiveObjects: 0.263500 ms CreateObjectMapping: 0.179700 ms MarkObjects: 2.329100 ms  DeleteObjects: 0.114800 ms)

AssetImportParameters requested are different than current active one (requested -> active):
  custom:video-decoder-ogg-theora: a1e56fd34408186e4bbccfd4996cb3dc -> 
  custom:container-muxer-webm: aa71ff27fc2769a1b78a27578f13a17b -> 
  custom:container-demuxer-webm: 4f35f7cbe854078d1ac9338744f61a02 -> 
  custom:video-encoder-webm-vp8: eb34c28f22e8b96e1ab97ce403110664 -> 
  custom:audio-encoder-webm-vorbis: bf7c407c2cedff20999df2af8eb42d56 -> 
  custom:framework-win-MediaFoundation: 216162199b28c13a410421893ffa2e32 -> 
  custom:container-demuxer-ogg: 62fdf1f143b41e24485cea50d1cbac27 -> 
  custom:video-decoder-webm-vp8: 9c59270c3fd7afecdb556c50c9e8de78 -> 
  custom:audio-decoder-ogg-vorbis: bf7c407c2cedff20999df2af8eb42d56 -> 
========================================================================
Received Prepare
Registering precompiled user dll's ...
Registered in 0.005122 seconds.
Begin MonoManager ReloadAssembly
Symbol file LoadedFromMemory doesn't match image D:\Unity\work\FarmingGame\Library\PackageCache\com.unity.visualscripting@1.7.6\Editor\VisualScripting.Core\Dependencies\YamlDotNet\Unity.VisualScripting.YamlDotNet.dll
Symbol file LoadedFromMemory doesn't match image D:\Unity\work\FarmingGame\Library\PackageCache\com.unity.visualscripting@1.7.6\Editor\VisualScripting.Core\Dependencies\DotNetZip\Unity.VisualScripting.IonicZip.dll
Native extension for WindowsStandalone target not found
Native extension for Android target not found
Native extension for WebGL target not found
Refreshing native plugins compatible for Editor in 0.84 ms, found 4 plugins.
Preloading 0 native plugins for Editor in 0.00 ms.
Mono: successfully reloaded assembly
- Completed reload, in  1.095 seconds
Domain Reload Profiling:
	ReloadAssembly (1096ms)
		BeginReloadAssembly (127ms)
			ExecutionOrderSort (0ms)
			DisableScriptedObjects (7ms)
			BackupInstance (0ms)
			ReleaseScriptingObjects (0ms)
			CreateAndSetChildDomain (33ms)
		EndReloadAssembly (883ms)
			LoadAssemblies (82ms)
			RebuildTransferFunctionScriptingTraits (0ms)
			SetupTypeCache (252ms)
			ReleaseScriptCaches (2ms)
			RebuildScriptCaches (53ms)
			SetupLoadedEditorAssemblies (442ms)
				LogAssemblyErrors (0ms)
				InitializePlatformSupportModulesInManaged (23ms)
				SetLoadedEditorAssemblies (1ms)
				RefreshPlugins (1ms)
				BeforeProcessingInitializeOnLoad (69ms)
				ProcessInitializeOnLoadAttributes (310ms)
				ProcessInitializeOnLoadMethodAttributes (36ms)
				AfterProcessingInitializeOnLoad (3ms)
				EditorAssembliesLoaded (0ms)
			ExecutionOrderSort2 (0ms)
			AwakeInstancesAfterBackupRestoration (16ms)
Platform modules already initialized, skipping
Refreshing native plugins compatible for Editor in 2.00 ms, found 4 plugins.
Preloading 0 native plugins for Editor in 0.00 ms.
Unloading 3902 Unused Serialized files (Serialized files now loaded: 0)
Unloading 27 unused Assets / (192.7 KB). Loaded Objects now: 4367.
Memory consumption went from 151.2 MB to 151.0 MB.
Total: 4.267700 ms (FindLiveObjects: 0.316800 ms CreateObjectMapping: 0.232400 ms MarkObjects: 3.567200 ms  DeleteObjects: 0.150200 ms)

AssetImportParameters requested are different than current active one (requested -> active):
  custom:video-decoder-ogg-theora: a1e56fd34408186e4bbccfd4996cb3dc -> 
  custom:container-muxer-webm: aa71ff27fc2769a1b78a27578f13a17b -> 
  custom:container-demuxer-webm: 4f35f7cbe854078d1ac9338744f61a02 -> 
  custom:video-encoder-webm-vp8: eb34c28f22e8b96e1ab97ce403110664 -> 
  custom:audio-encoder-webm-vorbis: bf7c407c2cedff20999df2af8eb42d56 -> 
  custom:framework-win-MediaFoundation: 216162199b28c13a410421893ffa2e32 -> 
  custom:container-demuxer-ogg: 62fdf1f143b41e24485cea50d1cbac27 -> 
  custom:video-decoder-webm-vp8: 9c59270c3fd7afecdb556c50c9e8de78 -> 
  custom:audio-decoder-ogg-vorbis: bf7c407c2cedff20999df2af8eb42d56 -> 
========================================================================
Received Prepare
Registering precompiled user dll's ...
Registered in 0.004228 seconds.
Begin MonoManager ReloadAssembly
Symbol file LoadedFromMemory doesn't match image D:\Unity\work\FarmingGame\Library\PackageCache\com.unity.visualscripting@1.7.6\Editor\VisualScripting.Core\Dependencies\YamlDotNet\Unity.VisualScripting.YamlDotNet.dll
Symbol file LoadedFromMemory doesn't match image D:\Unity\work\FarmingGame\Library\PackageCache\com.unity.visualscripting@1.7.6\Editor\VisualScripting.Core\Dependencies\DotNetZip\Unity.VisualScripting.IonicZip.dll
Native extension for WindowsStandalone target not found
Native extension for Android target not found
Native extension for WebGL target not found
Refreshing native plugins compatible for Editor in 1.54 ms, found 4 plugins.
Preloading 0 native plugins for Editor in 0.00 ms.
Mono: successfully reloaded assembly
- Completed reload, in  1.206 seconds
Domain Reload Profiling:
	ReloadAssembly (1207ms)
		BeginReloadAssembly (143ms)
			ExecutionOrderSort (0ms)
			DisableScriptedObjects (7ms)
			BackupInstance (0ms)
			ReleaseScriptingObjects (0ms)
			CreateAndSetChildDomain (40ms)
		EndReloadAssembly (966ms)
			LoadAssemblies (97ms)
			RebuildTransferFunctionScriptingTraits (0ms)
			SetupTypeCache (287ms)
			ReleaseScriptCaches (2ms)
			RebuildScriptCaches (58ms)
			SetupLoadedEditorAssemblies (475ms)
				LogAssemblyErrors (0ms)
				InitializePlatformSupportModulesInManaged (23ms)
				SetLoadedEditorAssemblies (0ms)
				RefreshPlugins (2ms)
				BeforeProcessingInitializeOnLoad (72ms)
				ProcessInitializeOnLoadAttributes (333ms)
				ProcessInitializeOnLoadMethodAttributes (41ms)
				AfterProcessingInitializeOnLoad (4ms)
				EditorAssembliesLoaded (0ms)
			ExecutionOrderSort2 (0ms)
			AwakeInstancesAfterBackupRestoration (15ms)
Platform modules already initialized, skipping
Refreshing native plugins compatible for Editor in 2.73 ms, found 4 plugins.
Preloading 0 native plugins for Editor in 0.00 ms.
Unloading 3902 Unused Serialized files (Serialized files now loaded: 0)
Unloading 27 unused Assets / (193.0 KB). Loaded Objects now: 4369.
Memory consumption went from 151.2 MB to 151.0 MB.
Total: 6.065700 ms (FindLiveObjects: 1.309800 ms CreateObjectMapping: 0.561200 ms MarkObjects: 3.658800 ms  DeleteObjects: 0.532000 ms)

AssetImportParameters requested are different than current active one (requested -> active):
  custom:video-decoder-ogg-theora: a1e56fd34408186e4bbccfd4996cb3dc -> 
  custom:container-muxer-webm: aa71ff27fc2769a1b78a27578f13a17b -> 
  custom:container-demuxer-webm: 4f35f7cbe854078d1ac9338744f61a02 -> 
  custom:video-encoder-webm-vp8: eb34c28f22e8b96e1ab97ce403110664 -> 
  custom:audio-encoder-webm-vorbis: bf7c407c2cedff20999df2af8eb42d56 -> 
  custom:framework-win-MediaFoundation: 216162199b28c13a410421893ffa2e32 -> 
  custom:container-demuxer-ogg: 62fdf1f143b41e24485cea50d1cbac27 -> 
  custom:video-decoder-webm-vp8: 9c59270c3fd7afecdb556c50c9e8de78 -> 
  custom:audio-decoder-ogg-vorbis: bf7c407c2cedff20999df2af8eb42d56 -> 
